#
# There is insufficient memory for the Java Runtime Environment to continue.
# Native memory allocation (mmap) failed to map 60817408 bytes for committing reserved memory.
# Possible reasons:
#   The system is out of physical RAM or swap space
#   The process is running with CompressedOops enabled, and the Java Heap may be blocking the growth of the native heap
# Possible solutions:
#   Reduce memory load on the system
#   Increase physical memory or swap space
#   Check if swap backing store is full
#   Decrease Java heap size (-Xmx/-Xms)
#   Decrease number of Java threads
#   Decrease Java thread stack sizes (-Xss)
#   Set larger code cache with -XX:ReservedCodeCacheSize=
#   JVM is running with Unscaled Compressed Oops mode in which the Java heap is
#     placed in the first 4GB address space. The Java Heap base address is the
#     maximum limit for the native heap growth. Please use -XX:HeapBaseMinAddress
#     to set the Java Heap base and to place the Java Heap above 4GB virtual address.
# This output file may be truncated or incomplete.
#
#  Out of Memory Error (os_linux.cpp:2749), pid=18990, tid=0x00007f3c046f6700
#
# JRE version: Java(TM) SE Runtime Environment (8.0_201-b09) (build 1.8.0_201-b09)
# Java VM: Java HotSpot(TM) 64-Bit Server VM (25.201-b09 mixed mode linux-amd64 compressed oops)
# Failed to write core dump. Core dumps have been disabled. To enable core dumping, try "ulimit -c unlimited" before starting Java again
#

---------------  T H R E A D  ---------------

Current thread (0x00007f3c14140000):  VMThread [stack: 0x00007f3c045f6000,0x00007f3c046f7000] [id=19000]

Stack: [0x00007f3c045f6000,0x00007f3c046f7000],  sp=0x00007f3c046f5450,  free space=1021k
Native frames: (J=compiled Java code, j=interpreted, Vv=VM code, C=native code)
V  [libjvm.so+0xad3525]  VMError::report_and_die()+0x2e5
V  [libjvm.so+0x4e0457]  report_vm_out_of_memory(char const*, int, unsigned long, VMErrorType, char const*)+0x67
V  [libjvm.so+0x9102f0]  os::pd_commit_memory(char*, unsigned long, unsigned long, bool)+0x100
V  [libjvm.so+0x90791f]  os::commit_memory(char*, unsigned long, unsigned long, bool)+0x1f
V  [libjvm.so+0x98c806]  PSVirtualSpace::expand_by(unsigned long)+0x56
V  [libjvm.so+0x98da98]  PSYoungGen::resize(unsigned long, unsigned long)+0xd8
V  [libjvm.so+0x98a236]  PSScavenge::invoke_no_policy()+0x1376
V  [libjvm.so+0x98a5cc]  PSScavenge::invoke()+0x4c
V  [libjvm.so+0x93a318]  ParallelScavengeHeap::failed_mem_allocate(unsigned long)+0x68
V  [libjvm.so+0xad5073]  VM_ParallelGCFailedAllocation::doit()+0x93
V  [libjvm.so+0xada296]  VM_Operation::evaluate()+0x46
V  [libjvm.so+0xad85cd]  VMThread::evaluate_operation(VM_Operation*) [clone .constprop.44]+0xcd
V  [libjvm.so+0xad8bb3]  VMThread::loop()+0x3a3
V  [libjvm.so+0xad8f88]  VMThread::run()+0x78
V  [libjvm.so+0x90d922]  java_start(Thread*)+0x102

VM_Operation (0x00007f3bc5549230): ParallelGCFailedAllocation, mode: safepoint, requested by thread 0x00007f3c14e4e800


---------------  P R O C E S S  ---------------

Java Threads: ( => current thread )
  0x00007f3bb828b000 JavaThread "Okio Watchdog" daemon [_thread_blocked, id=19054, stack(0x00007f3b92284000,0x00007f3b92385000)]
  0x00007f3bb8288800 JavaThread "OkHttp ConnectionPool" daemon [_thread_blocked, id=19053, stack(0x00007f3b92385000,0x00007f3b92486000)]
  0x00007f3bbc035000 JavaThread "pool-7-thread-8" [_thread_blocked, id=19052, stack(0x00007f3b936ff000,0x00007f3b93800000)]
  0x00007f3bbc034000 JavaThread "pool-7-thread-7" [_thread_blocked, id=19051, stack(0x00007f3bc636b000,0x00007f3bc646c000)]
  0x00007f3bbc033000 JavaThread "pool-7-thread-6" [_thread_blocked, id=19050, stack(0x00007f3bc656d000,0x00007f3bc666e000)]
  0x00007f3c14e52000 JavaThread "pool-7-thread-5" [_thread_blocked, id=19049, stack(0x00007f3bc666e000,0x00007f3bc676f000)]
  0x00007f3c14e51000 JavaThread "pool-7-thread-4" [_thread_blocked, id=19048, stack(0x00007f3bc534c000,0x00007f3bc544d000)]
  0x00007f3c14e50000 JavaThread "pool-7-thread-3" [_thread_blocked, id=19047, stack(0x00007f3bc606a000,0x00007f3bc616b000)]
  0x00007f3c14e4f000 JavaThread "pool-7-thread-2" [_thread_blocked, id=19046, stack(0x00007f3bc646c000,0x00007f3bc656d000)]
  0x00007f3c14e4e800 JavaThread "pool-7-thread-1" [_thread_blocked, id=19045, stack(0x00007f3bc544d000,0x00007f3bc554e000)]
  0x00007f3c15845800 JavaThread "sbt-socket-server" [_thread_in_native, id=19035, stack(0x00007f3bc5f69000,0x00007f3bc606a000)]
  0x00007f3ba40e6800 JavaThread "scala-execution-context-global-25" daemon [_thread_blocked, id=19026, stack(0x00007f3bc564f000,0x00007f3bc5750000)]
  0x00007f3ba40e1000 JavaThread "process reaper" daemon [_thread_blocked, id=19025, stack(0x00007f3bfc00e000,0x00007f3bfc047000)]
  0x00007f3c16507000 JavaThread "Log4j2-TF-1-AsyncLogger[AsyncContext@56ef9176]-1" daemon [_thread_blocked, id=19009, stack(0x00007f3bf40e2000,0x00007f3bf41e3000)]
  0x00007f3c141a3000 JavaThread "Service Thread" daemon [_thread_blocked, id=19007, stack(0x00007f3bfc43f000,0x00007f3bfc540000)]
  0x00007f3c14185800 JavaThread "C1 CompilerThread2" daemon [_thread_blocked, id=19006, stack(0x00007f3bfc540000,0x00007f3bfc641000)]
  0x00007f3c14184000 JavaThread "C2 CompilerThread1" daemon [_thread_blocked, id=19005, stack(0x00007f3c040f1000,0x00007f3c041f2000)]
  0x00007f3c14181000 JavaThread "C2 CompilerThread0" daemon [_thread_blocked, id=19004, stack(0x00007f3c041f2000,0x00007f3c042f3000)]
  0x00007f3c1417f800 JavaThread "Signal Dispatcher" daemon [_thread_blocked, id=19003, stack(0x00007f3c042f3000,0x00007f3c043f4000)]
  0x00007f3c1414c000 JavaThread "Finalizer" daemon [_thread_blocked, id=19002, stack(0x00007f3c043f4000,0x00007f3c044f5000)]
  0x00007f3c14149800 JavaThread "Reference Handler" daemon [_thread_blocked, id=19001, stack(0x00007f3c044f5000,0x00007f3c045f6000)]
  0x00007f3c1400b000 JavaThread "main" [_thread_blocked, id=18995, stack(0x00007f3c1cf2d000,0x00007f3c1d02e000)]

Other Threads:
=>0x00007f3c14140000 VMThread [stack: 0x00007f3c045f6000,0x00007f3c046f7000] [id=19000]
  0x00007f3c141a5800 WatcherThread [stack: 0x00007f3bfc33e000,0x00007f3bfc43f000] [id=19008]

VM state:at safepoint (normal execution)

VM Mutex/Monitor currently owned by a thread:  ([mutex/lock_event])
[0x00007f3c14007150] Threads_lock - owner thread: 0x00007f3c14140000
[0x00007f3c14007650] Heap_lock - owner thread: 0x00007f3c14e4e800

heap address: 0x00000000a0000000, size: 1536 MB, Compressed Oops mode: 32-bit
Narrow klass base: 0x0000000000000000, Narrow klass shift: 3
Compressed class space size: 1073741824 Address: 0x0000000100000000

Heap:
 PSYoungGen      total 259584K, used 45537K [0x00000000e0000000, 0x00000000f3480000, 0x0000000100000000)
  eden space 214016K, 0% used [0x00000000e0000000,0x00000000e0000000,0x00000000ed100000)
  from space 45568K, 99% used [0x00000000ed100000,0x00000000efd78718,0x00000000efd80000)
  to   space 36352K, 0% used [0x00000000efd80000,0x00000000efd80000,0x00000000f2100000)
 ParOldGen       total 229888K, used 60303K [0x00000000a0000000, 0x00000000ae080000, 0x00000000e0000000)
  object space 229888K, 26% used [0x00000000a0000000,0x00000000a3ae3f70,0x00000000ae080000)
 Metaspace       used 88619K, capacity 99945K, committed 100096K, reserved 1136640K
  class space    used 12069K, capacity 12738K, committed 12800K, reserved 1048576K

Card table byte_map: [0x00007f3c199cf000,0x00007f3c19cd0000] byte_map_base: 0x00007f3c194cf000

Marking Bits: (ParMarkBitMap*) 0x00007f3c1c406d80
 Begin Bits: [0x00007f3bfd000000, 0x00007f3bfe800000)
 End Bits:   [0x00007f3bfe800000, 0x00007f3c00000000)

Polling page: 0x00007f3c1d04b000

CodeCache: size=245760Kb used=35714Kb max_used=35726Kb free=210045Kb
 bounds [0x00007f3c05000000, 0x00007f3c07310000, 0x00007f3c14000000]
 total_blobs=12260 nmethods=11568 adapters=601
 compilation: enabled

Compilation events (10 events):
Event: 22.592 Thread 0x00007f3c14181000 nmethod 13218 0x00007f3c07306b50 code [0x00007f3c07306de0, 0x00007f3c07308528]
Event: 22.592 Thread 0x00007f3c14181000 13229       4       scala.collection.AbstractIterator::toStream (5 bytes)
Event: 22.594 Thread 0x00007f3c14185800 13231       1       scala.collection.immutable.VectorBuilder::depth_$eq (6 bytes)
Event: 22.594 Thread 0x00007f3c14185800 nmethod 13231 0x00007f3c072f0290 code [0x00007f3c072f03e0, 0x00007f3c072f04f0]
Event: 22.594 Thread 0x00007f3c14185800 13232       1       org.apache.ivy.core.resolve.ResolvedModuleRevision::getArtifactResolver (5 bytes)
Event: 22.594 Thread 0x00007f3c14185800 nmethod 13232 0x00007f3c072fc910 code [0x00007f3c072fca60, 0x00007f3c072fcb70]
Event: 22.596 Thread 0x00007f3c14181000 nmethod 13229 0x00007f3c072ff810 code [0x00007f3c072ff9a0, 0x00007f3c072ffcf8]
Event: 22.596 Thread 0x00007f3c14181000 13230       4       scala.collection.Iterator::toStream (48 bytes)
Event: 22.600 Thread 0x00007f3c14181000 nmethod 13230 0x00007f3c072fc0d0 code [0x00007f3c072fc260, 0x00007f3c072fc5b8]
Event: 22.600 Thread 0x00007f3c14181000 13221  s    4       java.io.ByteArrayOutputStream::write (66 bytes)

GC Heap History (10 events):
Event: 9.618 GC heap after
Heap after GC invocations=11 (full 4):
 PSYoungGen      total 136704K, used 0K [0x00000000e0000000, 0x00000000ec600000, 0x0000000100000000)
  eden space 117248K, 0% used [0x00000000e0000000,0x00000000e0000000,0x00000000e7280000)
  from space 19456K, 0% used [0x00000000e7280000,0x00000000e7280000,0x00000000e8580000)
  to   space 20480K, 0% used [0x00000000eb200000,0x00000000eb200000,0x00000000ec600000)
 ParOldGen       total 229888K, used 19551K [0x00000000a0000000, 0x00000000ae080000, 0x00000000e0000000)
  object space 229888K, 8% used [0x00000000a0000000,0x00000000a1317cf0,0x00000000ae080000)
 Metaspace       used 54042K, capacity 60796K, committed 61056K, reserved 1101824K
  class space    used 8115K, capacity 8558K, committed 8576K, reserved 1048576K
}
Event: 9.620 GC heap before
{Heap before GC invocations=12 (full 4):
 PSYoungGen      total 136704K, used 1323K [0x00000000e0000000, 0x00000000ec600000, 0x0000000100000000)
  eden space 117248K, 1% used [0x00000000e0000000,0x00000000e014aea0,0x00000000e7280000)
  from space 19456K, 0% used [0x00000000e7280000,0x00000000e7280000,0x00000000e8580000)
  to   space 20480K, 0% used [0x00000000eb200000,0x00000000eb200000,0x00000000ec600000)
 ParOldGen       total 229888K, used 19551K [0x00000000a0000000, 0x00000000ae080000, 0x00000000e0000000)
  object space 229888K, 8% used [0x00000000a0000000,0x00000000a1317cf0,0x00000000ae080000)
 Metaspace       used 54046K, capacity 60796K, committed 61056K, reserved 1101824K
  class space    used 8116K, capacity 8558K, committed 8576K, reserved 1048576K
Event: 9.621 GC heap after
Heap after GC invocations=12 (full 4):
 PSYoungGen      total 181760K, used 96K [0x00000000e0000000, 0x00000000ec700000, 0x0000000100000000)
  eden space 161280K, 0% used [0x00000000e0000000,0x00000000e0000000,0x00000000e9d80000)
  from space 20480K, 0% used [0x00000000eb200000,0x00000000eb218000,0x00000000ec600000)
  to   space 20992K, 0% used [0x00000000e9d80000,0x00000000e9d80000,0x00000000eb200000)
 ParOldGen       total 229888K, used 19551K [0x00000000a0000000, 0x00000000ae080000, 0x00000000e0000000)
  object space 229888K, 8% used [0x00000000a0000000,0x00000000a1317cf0,0x00000000ae080000)
 Metaspace       used 54046K, capacity 60796K, committed 61056K, reserved 1101824K
  class space    used 8116K, capacity 8558K, committed 8576K, reserved 1048576K
}
Event: 9.621 GC heap before
{Heap before GC invocations=13 (full 5):
 PSYoungGen      total 181760K, used 96K [0x00000000e0000000, 0x00000000ec700000, 0x0000000100000000)
  eden space 161280K, 0% used [0x00000000e0000000,0x00000000e0000000,0x00000000e9d80000)
  from space 20480K, 0% used [0x00000000eb200000,0x00000000eb218000,0x00000000ec600000)
  to   space 20992K, 0% used [0x00000000e9d80000,0x00000000e9d80000,0x00000000eb200000)
 ParOldGen       total 229888K, used 19551K [0x00000000a0000000, 0x00000000ae080000, 0x00000000e0000000)
  object space 229888K, 8% used [0x00000000a0000000,0x00000000a1317cf0,0x00000000ae080000)
 Metaspace       used 54046K, capacity 60796K, committed 61056K, reserved 1101824K
  class space    used 8116K, capacity 8558K, committed 8576K, reserved 1048576K
Event: 9.745 GC heap after
Heap after GC invocations=13 (full 5):
 PSYoungGen      total 181760K, used 0K [0x00000000e0000000, 0x00000000ec700000, 0x0000000100000000)
  eden space 161280K, 0% used [0x00000000e0000000,0x00000000e0000000,0x00000000e9d80000)
  from space 20480K, 0% used [0x00000000eb200000,0x00000000eb200000,0x00000000ec600000)
  to   space 20992K, 0% used [0x00000000e9d80000,0x00000000e9d80000,0x00000000eb200000)
 ParOldGen       total 229888K, used 18550K [0x00000000a0000000, 0x00000000ae080000, 0x00000000e0000000)
  object space 229888K, 8% used [0x00000000a0000000,0x00000000a121d860,0x00000000ae080000)
 Metaspace       used 54046K, capacity 60796K, committed 61056K, reserved 1101824K
  class space    used 8116K, capacity 8558K, committed 8576K, reserved 1048576K
}
Event: 13.461 GC heap before
{Heap before GC invocations=14 (full 5):
 PSYoungGen      total 181760K, used 161280K [0x00000000e0000000, 0x00000000ec700000, 0x0000000100000000)
  eden space 161280K, 100% used [0x00000000e0000000,0x00000000e9d80000,0x00000000e9d80000)
  from space 20480K, 0% used [0x00000000eb200000,0x00000000eb200000,0x00000000ec600000)
  to   space 20992K, 0% used [0x00000000e9d80000,0x00000000e9d80000,0x00000000eb200000)
 ParOldGen       total 229888K, used 18550K [0x00000000a0000000, 0x00000000ae080000, 0x00000000e0000000)
  object space 229888K, 8% used [0x00000000a0000000,0x00000000a121d860,0x00000000ae080000)
 Metaspace       used 70284K, capacity 79209K, committed 79360K, reserved 1118208K
  class space    used 9948K, capacity 10477K, committed 10496K, reserved 1048576K
Event: 13.521 GC heap after
Heap after GC invocations=14 (full 5):
 PSYoungGen      total 182272K, used 20985K [0x00000000e0000000, 0x00000000f2100000, 0x0000000100000000)
  eden space 161280K, 0% used [0x00000000e0000000,0x00000000e0000000,0x00000000e9d80000)
  from space 20992K, 99% used [0x00000000e9d80000,0x00000000eb1fe710,0x00000000eb200000)
  to   space 36352K, 0% used [0x00000000efd80000,0x00000000efd80000,0x00000000f2100000)
 ParOldGen       total 229888K, used 47170K [0x00000000a0000000, 0x00000000ae080000, 0x00000000e0000000)
  object space 229888K, 20% used [0x00000000a0000000,0x00000000a2e10ad0,0x00000000ae080000)
 Metaspace       used 70284K, capacity 79209K, committed 79360K, reserved 1118208K
  class space    used 9948K, capacity 10477K, committed 10496K, reserved 1048576K
}
Event: 16.998 GC heap before
{Heap before GC invocations=15 (full 5):
 PSYoungGen      total 182272K, used 182265K [0x00000000e0000000, 0x00000000f2100000, 0x0000000100000000)
  eden space 161280K, 100% used [0x00000000e0000000,0x00000000e9d80000,0x00000000e9d80000)
  from space 20992K, 99% used [0x00000000e9d80000,0x00000000eb1fe710,0x00000000eb200000)
  to   space 36352K, 0% used [0x00000000efd80000,0x00000000efd80000,0x00000000f2100000)
 ParOldGen       total 229888K, used 47170K [0x00000000a0000000, 0x00000000ae080000, 0x00000000e0000000)
  object space 229888K, 20% used [0x00000000a0000000,0x00000000a2e10ad0,0x00000000ae080000)
 Metaspace       used 76422K, capacity 86683K, committed 86912K, reserved 1124352K
  class space    used 10696K, capacity 11293K, committed 11392K, reserved 1048576K
Event: 17.059 GC heap after
Heap after GC invocations=15 (full 5):
 PSYoungGen      total 250368K, used 36322K [0x00000000e0000000, 0x00000000f3480000, 0x0000000100000000)
  eden space 214016K, 0% used [0x00000000e0000000,0x00000000e0000000,0x00000000ed100000)
  from space 36352K, 99% used [0x00000000efd80000,0x00000000f20f88e8,0x00000000f2100000)
  to   space 45568K, 0% used [0x00000000ed100000,0x00000000ed100000,0x00000000efd80000)
 ParOldGen       total 229888K, used 55359K [0x00000000a0000000, 0x00000000ae080000, 0x00000000e0000000)
  object space 229888K, 24% used [0x00000000a0000000,0x00000000a360ff48,0x00000000ae080000)
 Metaspace       used 76422K, capacity 86683K, committed 86912K, reserved 1124352K
  class space    used 10696K, capacity 11293K, committed 11392K, reserved 1048576K
}
Event: 22.602 GC heap before
{Heap before GC invocations=16 (full 5):
 PSYoungGen      total 250368K, used 250338K [0x00000000e0000000, 0x00000000f3480000, 0x0000000100000000)
  eden space 214016K, 100% used [0x00000000e0000000,0x00000000ed100000,0x00000000ed100000)
  from space 36352K, 99% used [0x00000000efd80000,0x00000000f20f88e8,0x00000000f2100000)
  to   space 45568K, 0% used [0x00000000ed100000,0x00000000ed100000,0x00000000efd80000)
 ParOldGen       total 229888K, used 55359K [0x00000000a0000000, 0x00000000ae080000, 0x00000000e0000000)
  object space 229888K, 24% used [0x00000000a0000000,0x00000000a360ff48,0x00000000ae080000)
 Metaspace       used 88619K, capacity 99945K, committed 100096K, reserved 1136640K
  class space    used 12069K, capacity 12738K, committed 12800K, reserved 1048576K

Deoptimization events (10 events):
Event: 20.061 Thread 0x00007f3c14e4e800 Uncommon trap: reason=unstable_if action=reinterpret pc=0x00007f3c06dd379c method=com.sun.org.apache.xerces.internal.impl.XMLEntityScanner.scanChar(Lcom/sun/org/apache/xerces/internal/impl/XMLScanner$NameType;)I @ 65
Event: 20.062 Thread 0x00007f3c14e4e800 Uncommon trap: reason=unstable_if action=reinterpret pc=0x00007f3c05bcb4cc method=java.io.BufferedInputStream.read1([BII)I @ 29
Event: 20.151 Thread 0x00007f3c14e4e800 Uncommon trap: reason=class_check action=maybe_recompile pc=0x00007f3c0700cf14 method=java.util.HashMap.removeNode(ILjava/lang/Object;Ljava/lang/Object;ZZ)Ljava/util/HashMap$Node; @ 68
Event: 20.233 Thread 0x00007f3c14e4e800 Uncommon trap: reason=class_check action=maybe_recompile pc=0x00007f3c0700cf14 method=java.util.HashMap.removeNode(ILjava/lang/Object;Ljava/lang/Object;ZZ)Ljava/util/HashMap$Node; @ 68
Event: 20.353 Thread 0x00007f3c14e4e800 Uncommon trap: reason=unstable_if action=reinterpret pc=0x00007f3c05bc3518 method=java.io.BufferedInputStream.read1([BII)I @ 29
Event: 20.585 Thread 0x00007f3c14e4e800 Uncommon trap: reason=class_check action=maybe_recompile pc=0x00007f3c06d49574 method=com.sun.org.apache.xerces.internal.impl.XMLDocumentFragmentScannerImpl$FragmentContentDriver.next()I @ 2223
Event: 20.586 Thread 0x00007f3c14e4e800 Uncommon trap: reason=class_check action=maybe_recompile pc=0x00007f3c06d49574 method=com.sun.org.apache.xerces.internal.impl.XMLDocumentFragmentScannerImpl$FragmentContentDriver.next()I @ 2223
Event: 20.698 Thread 0x00007f3c14e4e800 Uncommon trap: reason=class_check action=maybe_recompile pc=0x00007f3c0700cf14 method=java.util.HashMap.removeNode(ILjava/lang/Object;Ljava/lang/Object;ZZ)Ljava/util/HashMap$Node; @ 68
Event: 21.441 Thread 0x00007f3c14e4e800 Uncommon trap: reason=unstable_if action=reinterpret pc=0x00007f3c058b5eb0 method=com.sun.org.apache.xerces.internal.impl.XMLEntityScanner.scanChar(Lcom/sun/org/apache/xerces/internal/impl/XMLScanner$NameType;)I @ 59
Event: 22.431 Thread 0x00007f3c14e4e800 Uncommon trap: reason=unstable_if action=reinterpret pc=0x00007f3c06e2c6e0 method=com.sun.org.apache.xerces.internal.impl.XMLEntityScanner.scanName(Lcom/sun/org/apache/xerces/internal/impl/XMLScanner$NameType;)Ljava/lang/String; @ 69

Classes redefined (0 events):
No events

Internal exceptions (10 events):
Event: 22.411 Thread 0x00007f3c14e4e800 Exception <a 'java/net/SocketTimeoutException': Read timed out> (0x00000000ecacacc8) thrown at [/HUDSON/workspace/8-2-build-linux-amd64/jdk8u201/12317/hotspot/src/share/vm/prims/jni.cpp, line 735]
Event: 22.435 Thread 0x00007f3c14e4e800 Exception <a 'java/net/SocketTimeoutException': Read timed out> (0x00000000ecb8b2b8) thrown at [/HUDSON/workspace/8-2-build-linux-amd64/jdk8u201/12317/hotspot/src/share/vm/prims/jni.cpp, line 735]
Event: 22.458 Thread 0x00007f3c14e4e800 Exception <a 'java/net/SocketTimeoutException': Read timed out> (0x00000000ecbfc5c0) thrown at [/HUDSON/workspace/8-2-build-linux-amd64/jdk8u201/12317/hotspot/src/share/vm/prims/jni.cpp, line 735]
Event: 22.470 Thread 0x00007f3c14e4e800 Exception <a 'java/net/SocketTimeoutException': Read timed out> (0x00000000ecc09620) thrown at [/HUDSON/workspace/8-2-build-linux-amd64/jdk8u201/12317/hotspot/src/share/vm/prims/jni.cpp, line 735]
Event: 22.501 Thread 0x00007f3c14e4e800 Exception <a 'java/net/SocketTimeoutException': Read timed out> (0x00000000ecd416c0) thrown at [/HUDSON/workspace/8-2-build-linux-amd64/jdk8u201/12317/hotspot/src/share/vm/prims/jni.cpp, line 735]
Event: 22.521 Thread 0x00007f3c14e4e800 Exception <a 'java/net/SocketTimeoutException': Read timed out> (0x00000000ecd81040) thrown at [/HUDSON/workspace/8-2-build-linux-amd64/jdk8u201/12317/hotspot/src/share/vm/prims/jni.cpp, line 735]
Event: 22.528 Thread 0x00007f3c14e4e800 Exception <a 'java/net/SocketTimeoutException': Read timed out> (0x00000000ecd8dc58) thrown at [/HUDSON/workspace/8-2-build-linux-amd64/jdk8u201/12317/hotspot/src/share/vm/prims/jni.cpp, line 735]
Event: 22.553 Thread 0x00007f3c14e4e800 Exception <a 'java/net/SocketTimeoutException': Read timed out> (0x00000000ece48158) thrown at [/HUDSON/workspace/8-2-build-linux-amd64/jdk8u201/12317/hotspot/src/share/vm/prims/jni.cpp, line 735]
Event: 22.565 Thread 0x00007f3c14e4e800 Exception <a 'java/net/SocketTimeoutException': Read timed out> (0x00000000ecede0b0) thrown at [/HUDSON/workspace/8-2-build-linux-amd64/jdk8u201/12317/hotspot/src/share/vm/prims/jni.cpp, line 735]
Event: 22.581 Thread 0x00007f3c14e4e800 Exception <a 'java/net/SocketTimeoutException': Read timed out> (0x00000000ecfa6518) thrown at [/HUDSON/workspace/8-2-build-linux-amd64/jdk8u201/12317/hotspot/src/share/vm/prims/jni.cpp, line 735]

Events (10 events):
Event: 22.493 Thread 0x00007f3c14e4e800 DEOPT UNPACKING pc=0x00007f3c05047784 sp=0x00007f3bc5545bf8 mode 0
Event: 22.493 Thread 0x00007f3c14e4e800 DEOPT PACKING pc=0x00007f3c072bce44 sp=0x00007f3bc5545dc0
Event: 22.493 Thread 0x00007f3c14e4e800 DEOPT UNPACKING pc=0x00007f3c05047784 sp=0x00007f3bc5545bf8 mode 0
Event: 22.493 Thread 0x00007f3c14e4e800 DEOPT PACKING pc=0x00007f3c072bce44 sp=0x00007f3bc5545cf0
Event: 22.493 Thread 0x00007f3c14e4e800 DEOPT UNPACKING pc=0x00007f3c05047784 sp=0x00007f3bc5545b28 mode 0
Event: 22.494 Thread 0x00007f3c14e4e800 DEOPT PACKING pc=0x00007f3c072bce44 sp=0x00007f3bc5545dc0
Event: 22.494 Thread 0x00007f3c14e4e800 DEOPT UNPACKING pc=0x00007f3c05047784 sp=0x00007f3bc5545bf8 mode 0
Event: 22.494 Thread 0x00007f3c14e4e800 DEOPT PACKING pc=0x00007f3c072bce44 sp=0x00007f3bc5545cf0
Event: 22.494 Thread 0x00007f3c14e4e800 DEOPT UNPACKING pc=0x00007f3c05047784 sp=0x00007f3bc5545b28 mode 0
Event: 22.600 Executing VM operation: ParallelGCFailedAllocation


Dynamic libraries:
00400000-00401000 r-xp 00000000 08:01 10622485                           /usr/lib/jvm/java-8-oracle/bin/java
00600000-00601000 r--p 00000000 08:01 10622485                           /usr/lib/jvm/java-8-oracle/bin/java
00601000-00602000 rw-p 00001000 08:01 10622485                           /usr/lib/jvm/java-8-oracle/bin/java
0117d000-0119e000 rw-p 00000000 00:00 0                                  [heap]
a0000000-ae080000 rw-p 00000000 00:00 0 
ae080000-e0000000 ---p 00000000 00:00 0 
e0000000-f3480000 rw-p 00000000 00:00 0 
f6e80000-100000000 ---p 00000000 00:00 0 
100000000-100c80000 rw-p 00000000 00:00 0 
100c80000-140000000 ---p 00000000 00:00 0 
7f3b84000000-7f3b84021000 rw-p 00000000 00:00 0 
7f3b84021000-7f3b88000000 ---p 00000000 00:00 0 
7f3b88000000-7f3b88021000 rw-p 00000000 00:00 0 
7f3b88021000-7f3b8c000000 ---p 00000000 00:00 0 
7f3b8c000000-7f3b8c021000 rw-p 00000000 00:00 0 
7f3b8c021000-7f3b90000000 ---p 00000000 00:00 0 
7f3b92084000-7f3b921c4000 rw-p 00000000 00:00 0 
7f3b921c4000-7f3b92284000 ---p 00000000 00:00 0 
7f3b92284000-7f3b92287000 ---p 00000000 00:00 0 
7f3b92287000-7f3b92385000 rw-p 00000000 00:00 0 
7f3b92385000-7f3b92388000 ---p 00000000 00:00 0 
7f3b92388000-7f3b92486000 rw-p 00000000 00:00 0 
7f3b92486000-7f3b9249d000 r-xp 00000000 08:01 9310968                    /lib/x86_64-linux-gnu/libresolv-2.23.so
7f3b9249d000-7f3b9269d000 ---p 00017000 08:01 9310968                    /lib/x86_64-linux-gnu/libresolv-2.23.so
7f3b9269d000-7f3b9269e000 r--p 00017000 08:01 9310968                    /lib/x86_64-linux-gnu/libresolv-2.23.so
7f3b9269e000-7f3b9269f000 rw-p 00018000 08:01 9310968                    /lib/x86_64-linux-gnu/libresolv-2.23.so
7f3b9269f000-7f3b926a1000 rw-p 00000000 00:00 0 
7f3b926a1000-7f3b926a6000 r-xp 00000000 08:01 9310913                    /lib/x86_64-linux-gnu/libnss_dns-2.23.so
7f3b926a6000-7f3b928a6000 ---p 00005000 08:01 9310913                    /lib/x86_64-linux-gnu/libnss_dns-2.23.so
7f3b928a6000-7f3b928a7000 r--p 00005000 08:01 9310913                    /lib/x86_64-linux-gnu/libnss_dns-2.23.so
7f3b928a7000-7f3b928a8000 rw-p 00006000 08:01 9310913                    /lib/x86_64-linux-gnu/libnss_dns-2.23.so
7f3b928a8000-7f3b928aa000 r-xp 00000000 08:01 9310921                    /lib/x86_64-linux-gnu/libnss_mdns4_minimal.so.2
7f3b928aa000-7f3b92aa9000 ---p 00002000 08:01 9310921                    /lib/x86_64-linux-gnu/libnss_mdns4_minimal.so.2
7f3b92aa9000-7f3b92aaa000 r--p 00001000 08:01 9310921                    /lib/x86_64-linux-gnu/libnss_mdns4_minimal.so.2
7f3b92aaa000-7f3b92aab000 rw-p 00002000 08:01 9310921                    /lib/x86_64-linux-gnu/libnss_mdns4_minimal.so.2
7f3b92aab000-7f3b92cab000 rw-p 00000000 00:00 0 
7f3b92cab000-7f3b92cc1000 r-xp 00000000 08:01 9310854                    /lib/x86_64-linux-gnu/libgcc_s.so.1
7f3b92cc1000-7f3b92ec0000 ---p 00016000 08:01 9310854                    /lib/x86_64-linux-gnu/libgcc_s.so.1
7f3b92ec0000-7f3b92ec1000 rw-p 00015000 08:01 9310854                    /lib/x86_64-linux-gnu/libgcc_s.so.1
7f3b92ec1000-7f3b92ef9000 r-xp 00000000 08:01 11143559                   /usr/lib/jvm/java-8-oracle/jre/lib/amd64/libsunec.so
7f3b92ef9000-7f3b930f8000 ---p 00038000 08:01 11143559                   /usr/lib/jvm/java-8-oracle/jre/lib/amd64/libsunec.so
7f3b930f8000-7f3b930fd000 r--p 00037000 08:01 11143559                   /usr/lib/jvm/java-8-oracle/jre/lib/amd64/libsunec.so
7f3b930fd000-7f3b930ff000 rw-p 0003c000 08:01 11143559                   /usr/lib/jvm/java-8-oracle/jre/lib/amd64/libsunec.so
7f3b930ff000-7f3b932ff000 rw-p 00000000 00:00 0 
7f3b932ff000-7f3b934ff000 rw-p 00000000 00:00 0 
7f3b934ff000-7f3b936ff000 rw-p 00000000 00:00 0 
7f3b936ff000-7f3b93702000 ---p 00000000 00:00 0 
7f3b93702000-7f3b93a00000 rw-p 00000000 00:00 0 
7f3b93a00000-7f3b93c00000 rw-p 00000000 00:00 0 
7f3b93c00000-7f3b93e00000 rw-p 00000000 00:00 0 
7f3b93e00000-7f3b94000000 rw-p 00000000 00:00 0 
7f3b94000000-7f3b94021000 rw-p 00000000 00:00 0 
7f3b94021000-7f3b98000000 ---p 00000000 00:00 0 
7f3b98000000-7f3b9802d000 rw-p 00000000 00:00 0 
7f3b9802d000-7f3b9c000000 ---p 00000000 00:00 0 
7f3b9c000000-7f3b9c021000 rw-p 00000000 00:00 0 
7f3b9c021000-7f3ba0000000 ---p 00000000 00:00 0 
7f3ba0000000-7f3ba0021000 rw-p 00000000 00:00 0 
7f3ba0021000-7f3ba4000000 ---p 00000000 00:00 0 
7f3ba4000000-7f3ba43cc000 rw-p 00000000 00:00 0 
7f3ba43cc000-7f3ba8000000 ---p 00000000 00:00 0 
7f3ba8000000-7f3ba8021000 rw-p 00000000 00:00 0 
7f3ba8021000-7f3bac000000 ---p 00000000 00:00 0 
7f3bac000000-7f3bac027000 rw-p 00000000 00:00 0 
7f3bac027000-7f3bb0000000 ---p 00000000 00:00 0 
7f3bb0000000-7f3bb0021000 rw-p 00000000 00:00 0 
7f3bb0021000-7f3bb4000000 ---p 00000000 00:00 0 
7f3bb4000000-7f3bb4022000 rw-p 00000000 00:00 0 
7f3bb4022000-7f3bb8000000 ---p 00000000 00:00 0 
7f3bb8000000-7f3bb8346000 rw-p 00000000 00:00 0 
7f3bb8346000-7f3bbc000000 ---p 00000000 00:00 0 
7f3bbc000000-7f3bbc038000 rw-p 00000000 00:00 0 
7f3bbc038000-7f3bc0000000 ---p 00000000 00:00 0 
7f3bc0000000-7f3bc007a000 rw-p 00000000 00:00 0 
7f3bc007a000-7f3bc4000000 ---p 00000000 00:00 0 
7f3bc40b6000-7f3bc42b6000 rw-p 00000000 00:00 0 
7f3bc42b6000-7f3bc44b6000 rw-p 00000000 00:00 0 
7f3bc44b6000-7f3bc46b6000 rw-p 00000000 00:00 0 
7f3bc46b6000-7f3bc48b6000 rw-p 00000000 00:00 0 
7f3bc48b6000-7f3bc4ab6000 rw-p 00000000 00:00 0 
7f3bc4ab6000-7f3bc4cb6000 rw-p 00000000 00:00 0 
7f3bc4cb6000-7f3bc4d4c000 r--s 0110e000 08:01 11142434                   /usr/lib/jvm/java-8-oracle/jre/lib/ext/jfxrt.jar
7f3bc4d4c000-7f3bc4f4c000 rw-p 00000000 00:00 0 
7f3bc4f4c000-7f3bc514c000 rw-p 00000000 00:00 0 
7f3bc514c000-7f3bc534c000 rw-p 00000000 00:00 0 
7f3bc534c000-7f3bc534f000 ---p 00000000 00:00 0 
7f3bc534f000-7f3bc544d000 rw-p 00000000 00:00 0 
7f3bc544d000-7f3bc5450000 ---p 00000000 00:00 0 
7f3bc5450000-7f3bc554e000 rw-p 00000000 00:00 0 
7f3bc554e000-7f3bc5551000 ---p 00000000 00:00 0 
7f3bc5551000-7f3bc564f000 rw-p 00000000 00:00 0 
7f3bc564f000-7f3bc5652000 ---p 00000000 00:00 0 
7f3bc5652000-7f3bc5950000 rw-p 00000000 00:00 0 
7f3bc5950000-7f3bc5968000 r-xp 00000000 08:01 9830568                    /tmp/jna-857350734/jna6320953345362889501.tmp (deleted)
7f3bc5968000-7f3bc5b68000 ---p 00018000 08:01 9830568                    /tmp/jna-857350734/jna6320953345362889501.tmp (deleted)
7f3bc5b68000-7f3bc5b69000 rw-p 00018000 08:01 9830568                    /tmp/jna-857350734/jna6320953345362889501.tmp (deleted)
7f3bc5b69000-7f3bc5d69000 rw-p 00000000 00:00 0 
7f3bc5d69000-7f3bc5f69000 rw-p 00000000 00:00 0 
7f3bc5f69000-7f3bc5f6c000 ---p 00000000 00:00 0 
7f3bc5f6c000-7f3bc606a000 rw-p 00000000 00:00 0 
7f3bc606a000-7f3bc606d000 ---p 00000000 00:00 0 
7f3bc606d000-7f3bc636b000 rw-p 00000000 00:00 0 
7f3bc636b000-7f3bc636e000 ---p 00000000 00:00 0 
7f3bc636e000-7f3bc646c000 rw-p 00000000 00:00 0 
7f3bc646c000-7f3bc646f000 ---p 00000000 00:00 0 
7f3bc646f000-7f3bc656d000 rw-p 00000000 00:00 0 
7f3bc656d000-7f3bc6570000 ---p 00000000 00:00 0 
7f3bc6570000-7f3bc666e000 rw-p 00000000 00:00 0 
7f3bc666e000-7f3bc6671000 ---p 00000000 00:00 0 
7f3bc6671000-7f3bc696f000 rw-p 00000000 00:00 0 
7f3bc696f000-7f3bc6b6f000 rw-p 00000000 00:00 0 
7f3bc6b6f000-7f3bc6d6f000 rw-p 00000000 00:00 0 
7f3bc6d6f000-7f3bc6f6f000 rw-p 00000000 00:00 0 
7f3bc6f6f000-7f3bc716f000 rw-p 00000000 00:00 0 
7f3bc716f000-7f3bc736f000 rw-p 00000000 00:00 0 
7f3bc736f000-7f3bc756f000 rw-p 00000000 00:00 0 
7f3bc756f000-7f3bc776f000 rw-p 00000000 00:00 0 
7f3bc7800000-7f3bc7a00000 rw-p 00000000 00:00 0 
7f3bc7a00000-7f3bc7c00000 rw-p 00000000 00:00 0 
7f3bc7c00000-7f3bc7e00000 rw-p 00000000 00:00 0 
7f3bc7e00000-7f3bc8000000 rw-p 00000000 00:00 0 
7f3bc8000000-7f3bc8021000 rw-p 00000000 00:00 0 
7f3bc8021000-7f3bcc000000 ---p 00000000 00:00 0 
7f3bcc000000-7f3bcc021000 rw-p 00000000 00:00 0 
7f3bcc021000-7f3bd0000000 ---p 00000000 00:00 0 
7f3bd0000000-7f3bd130b000 rw-p 00000000 00:00 0 
7f3bd130b000-7f3bd4000000 ---p 00000000 00:00 0 
7f3bd4000000-7f3bd500d000 rw-p 00000000 00:00 0 
7f3bd500d000-7f3bd8000000 ---p 00000000 00:00 0 
7f3bd8000000-7f3bd8021000 rw-p 00000000 00:00 0 
7f3bd8021000-7f3bdc000000 ---p 00000000 00:00 0 
7f3bdc000000-7f3bdd146000 rw-p 00000000 00:00 0 
7f3bdd146000-7f3be0000000 ---p 00000000 00:00 0 
7f3be0000000-7f3be0021000 rw-p 00000000 00:00 0 
7f3be0021000-7f3be4000000 ---p 00000000 00:00 0 
7f3be4000000-7f3be4021000 rw-p 00000000 00:00 0 
7f3be4021000-7f3be8000000 ---p 00000000 00:00 0 
7f3be8000000-7f3be8021000 rw-p 00000000 00:00 0 
7f3be8021000-7f3bec000000 ---p 00000000 00:00 0 
7f3bec000000-7f3bec29c000 rw-p 00000000 00:00 0 
7f3bec29c000-7f3bf0000000 ---p 00000000 00:00 0 
7f3bf0000000-7f3bf0021000 rw-p 00000000 00:00 0 
7f3bf0021000-7f3bf4000000 ---p 00000000 00:00 0 
7f3bf4019000-7f3bf401c000 r--s 0001a000 08:01 11020811                   /usr/lib/jvm/java-8-oracle/jre/lib/jce.jar
7f3bf401c000-7f3bf4020000 r--s 00056000 08:01 13765690                   /home/ichinichi/.IdeaIC2018.3/config/plugins/Scala/launcher/sbt-structure-1.0.jar
7f3bf4020000-7f3bf4021000 rwxp 00000000 00:00 0 
7f3bf4021000-7f3bf4025000 r--s 0003a000 08:01 11142438                   /usr/lib/jvm/java-8-oracle/jre/lib/ext/sunpkcs11.jar
7f3bf4025000-7f3bf4027000 r--s 00001000 08:01 11142432                   /usr/lib/jvm/java-8-oracle/jre/lib/ext/dnsns.jar
7f3bf4027000-7f3bf402d000 r--s 0003f000 08:01 11142586                   /usr/lib/jvm/java-8-oracle/jre/lib/ext/sunjce_provider.jar
7f3bf402d000-7f3bf402e000 r--s 00010000 08:01 11142437                   /usr/lib/jvm/java-8-oracle/jre/lib/ext/zipfs.jar
7f3bf402e000-7f3bf4030000 r--s 00009000 08:01 11142431                   /usr/lib/jvm/java-8-oracle/jre/lib/ext/sunec.jar
7f3bf4030000-7f3bf404c000 r--s 00393000 08:01 11142433                   /usr/lib/jvm/java-8-oracle/jre/lib/ext/cldrdata.jar
7f3bf404c000-7f3bf4056000 r--s 00116000 08:01 11142473                   /usr/lib/jvm/java-8-oracle/jre/lib/ext/localedata.jar
7f3bf4056000-7f3bf4069000 r--s 00345000 08:01 11020804                   /usr/lib/jvm/java-8-oracle/jre/lib/resources.jar
7f3bf4069000-7f3bf40e2000 r--s 010fd000 08:01 10623404                   /usr/lib/jvm/java-8-oracle/lib/tools.jar
7f3bf40e2000-7f3bf40e5000 ---p 00000000 00:00 0 
7f3bf40e5000-7f3bf43e3000 rw-p 00000000 00:00 0 
7f3bf43e3000-7f3bf45e3000 rw-p 00000000 00:00 0 
7f3bf45e3000-7f3bf45ec000 r-xp 00000000 08:01 11144492                   /usr/lib/jvm/java-8-oracle/jre/lib/amd64/libmanagement.so
7f3bf45ec000-7f3bf47eb000 ---p 00009000 08:01 11144492                   /usr/lib/jvm/java-8-oracle/jre/lib/amd64/libmanagement.so
7f3bf47eb000-7f3bf47ec000 r--p 00008000 08:01 11144492                   /usr/lib/jvm/java-8-oracle/jre/lib/amd64/libmanagement.so
7f3bf47ec000-7f3bf47ed000 rw-p 00009000 08:01 11144492                   /usr/lib/jvm/java-8-oracle/jre/lib/amd64/libmanagement.so
7f3bf47ed000-7f3bf49ed000 rw-p 00000000 00:00 0 
7f3bf49ed000-7f3bf4bed000 rw-p 00000000 00:00 0 
7f3bf4bed000-7f3bf4ded000 rw-p 00000000 00:00 0 
7f3bf4ded000-7f3bf4dfe000 r-xp 00000000 08:01 11144487                   /usr/lib/jvm/java-8-oracle/jre/lib/amd64/libnio.so
7f3bf4dfe000-7f3bf4ffd000 ---p 00011000 08:01 11144487                   /usr/lib/jvm/java-8-oracle/jre/lib/amd64/libnio.so
7f3bf4ffd000-7f3bf4ffe000 r--p 00010000 08:01 11144487                   /usr/lib/jvm/java-8-oracle/jre/lib/amd64/libnio.so
7f3bf4ffe000-7f3bf4fff000 rw-p 00011000 08:01 11144487                   /usr/lib/jvm/java-8-oracle/jre/lib/amd64/libnio.so
7f3bf4fff000-7f3bf8000000 rw-p 00000000 00:00 0 
7f3bf8000000-7f3bf8021000 rw-p 00000000 00:00 0 
7f3bf8021000-7f3bfc000000 ---p 00000000 00:00 0 
7f3bfc000000-7f3bfc001000 r--s 0000a000 08:01 11142435                   /usr/lib/jvm/java-8-oracle/jre/lib/ext/jaccess.jar
7f3bfc001000-7f3bfc006000 r--s 00084000 08:01 11020752                   /usr/lib/jvm/java-8-oracle/jre/lib/jfr.jar
7f3bfc006000-7f3bfc00b000 r--s 002f9000 08:01 11020798                   /usr/lib/jvm/java-8-oracle/jre/lib/charsets.jar
7f3bfc00b000-7f3bfc00e000 r--s 0001a000 08:01 11020811                   /usr/lib/jvm/java-8-oracle/jre/lib/jce.jar
7f3bfc00e000-7f3bfc011000 ---p 00000000 00:00 0 
7f3bfc011000-7f3bfc047000 rw-p 00000000 00:00 0 
7f3bfc047000-7f3bfc04b000 r--s 000a1000 08:01 11020805                   /usr/lib/jvm/java-8-oracle/jre/lib/jsse.jar
7f3bfc04b000-7f3bfc066000 r--s 001d4000 08:01 11142436                   /usr/lib/jvm/java-8-oracle/jre/lib/ext/nashorn.jar
7f3bfc066000-7f3bfc068000 r--s 00011000 08:01 2360090                    /home/ichinichi/.sbt/boot/scala-2.12.7/org.scala-sbt/sbt/1.2.8/zinc-classpath_2.12-1.2.5.jar
7f3bfc068000-7f3bfc069000 r--s 00003000 08:01 2360053                    /home/ichinichi/.sbt/boot/scala-2.12.7/org.scala-sbt/sbt/1.2.8/util-relation_2.12-1.2.4.jar
7f3bfc069000-7f3bfc06a000 r--s 00001000 08:01 2360087                    /home/ichinichi/.sbt/boot/scala-2.12.7/org.scala-sbt/sbt/1.2.8/sjson-new-murmurhash_2.12-0.8.2.jar
7f3bfc06a000-7f3bfc06b000 r--s 00005000 08:01 2360083                    /home/ichinichi/.sbt/boot/scala-2.12.7/org.scala-sbt/sbt/1.2.8/log4j-slf4j-impl-2.11.1.jar
7f3bfc06b000-7f3bfc06d000 r--s 00002000 08:01 2360071                    /home/ichinichi/.sbt/boot/scala-2.12.7/org.scala-sbt/sbt/1.2.8/util-control_2.12-1.2.4.jar
7f3bfc06d000-7f3bfc06f000 r--s 0000e000 08:01 2360128                    /home/ichinichi/.sbt/boot/scala-2.12.7/org.scala-sbt/sbt/1.2.8/fastparse-utils_2.12-0.4.2.jar
7f3bfc06f000-7f3bfc071000 r--s 00010000 08:01 2360074                    /home/ichinichi/.sbt/boot/scala-2.12.7/org.scala-sbt/sbt/1.2.8/scripted-sbt-redux_2.12-1.2.8.jar
7f3bfc071000-7f3bfc073000 r--s 00012000 08:01 2360095                    /home/ichinichi/.sbt/boot/scala-2.12.7/org.scala-sbt/sbt/1.2.8/core-macros_2.12-1.2.8.jar
7f3bfc073000-7f3bfc077000 r--s 00052000 08:01 2360103                    /home/ichinichi/.sbt/boot/scala-2.12.7/org.scala-sbt/sbt/1.2.8/zinc-core_2.12-1.2.5.jar
7f3bfc077000-7f3bfc078000 r--s 00003000 08:01 2360109                    /home/ichinichi/.sbt/boot/scala-2.12.7/org.scala-sbt/sbt/1.2.8/zinc-compile_2.12-1.2.5.jar
7f3bfc078000-7f3bfc079000 r--s 00000000 08:01 2360097                    /home/ichinichi/.sbt/boot/scala-2.12.7/org.scala-sbt/sbt/1.2.8/reactive-streams-1.0.0.jar
7f3bfc079000-7f3bfc07b000 r--s 0000f000 08:01 2360064                    /home/ichinichi/.sbt/boot/scala-2.12.7/org.scala-sbt/sbt/1.2.8/util-scripted_2.12-1.2.4.jar
7f3bfc07b000-7f3bfc07f000 r--s 00030000 08:01 2360094                    /home/ichinichi/.sbt/boot/scala-2.12.7/org.scala-sbt/sbt/1.2.8/scala-parser-combinators_2.12-1.0.5.jar
7f3bfc07f000-7f3bfc0a2000 r--s 00350000 08:01 2360066                    /home/ichinichi/.sbt/boot/scala-2.12.7/org.scala-sbt/sbt/1.2.8/scala-reflect-2.12.7.jar
7f3bfc0a2000-7f3bfc0a3000 r--s 00001000 08:01 2360067                    /home/ichinichi/.sbt/boot/scala-2.12.7/org.scala-sbt/sbt/1.2.8/scalacache-caffeine_2.12-0.20.0.jar
7f3bfc0a3000-7f3bfc0a4000 r--s 00000000 08:01 2360113                    /home/ichinichi/.sbt/boot/scala-2.12.7/org.scala-sbt/sbt/1.2.8/util-interface-1.2.4.jar
7f3bfc0a4000-7f3bfc0a7000 r--s 00031000 08:01 2360049                    /home/ichinichi/.sbt/boot/scala-2.12.7/org.scala-sbt/sbt/1.2.8/compiler-bridge_2.12-1.2.5.jar
7f3bfc0a7000-7f3bfc0ad000 r--s 00080000 08:01 2360052                    /home/ichinichi/.sbt/boot/scala-2.12.7/org.scala-sbt/sbt/1.2.8/scala-xml_2.12-1.0.6.jar
7f3bfc0ad000-7f3bfc0b3000 r--s 0005b000 08:01 2360096                    /home/ichinichi/.sbt/boot/scala-2.12.7/org.scala-sbt/sbt/1.2.8/okhttp-3.7.0.jar
7f3bfc0b3000-7f3bfc0b5000 r--s 00009000 08:01 2360123                    /home/ichinichi/.sbt/boot/scala-2.12.7/org.scala-sbt/sbt/1.2.8/slf4j-api-1.7.25.jar
7f3bfc0b5000-7f3bfc0c2000 r--s 001b1000 08:01 2360100                    /home/ichinichi/.sbt/boot/scala-2.12.7/org.scala-sbt/sbt/1.2.8/zinc-persist_2.12-1.2.5.jar
7f3bfc0c2000-7f3bfc0c7000 r--s 00031000 08:01 2360119                    /home/ichinichi/.sbt/boot/scala-2.12.7/org.scala-sbt/sbt/1.2.8/config-1.2.0.jar
7f3bfc0c7000-7f3bfc0d6000 r--s 0013d000 08:01 2360050                    /home/ichinichi/.sbt/boot/scala-2.12.7/org.scala-sbt/sbt/1.2.8/protobuf-java-3.3.1.jar
7f3bfc0d6000-7f3bfc0ec000 r--s 000e0000 08:01 2360076                    /home/ichinichi/.sbt/boot/scala-2.12.7/org.scala-sbt/sbt/1.2.8/caffeine-2.5.6.jar
7f3bfc0ec000-7f3bfc0ef000 r--s 00034000 08:01 2360098                    /home/ichinichi/.sbt/boot/scala-2.12.7/org.scala-sbt/sbt/1.2.8/zinc-compile-core_2.12-1.2.5.jar
7f3bfc0ef000-7f3bfc0f4000 r--s 00040000 08:01 2360091                    /home/ichinichi/.sbt/boot/scala-2.12.7/org.scala-sbt/sbt/1.2.8/jsch-0.1.54.jar
7f3bfc0f4000-7f3bfc0f8000 r--s 0015c000 08:01 2360107                    /home/ichinichi/.sbt/boot/scala-2.12.7/org.scala-sbt/sbt/1.2.8/jna-4.5.0.jar
7f3bfc0f8000-7f3bfc0fa000 r--s 00004000 08:01 2360111                    /home/ichinichi/.sbt/boot/scala-2.12.7/org.scala-sbt/sbt/1.2.8/ipcsocket-1.0.0.jar
7f3bfc0fa000-7f3bfc0fb000 r--s 00005000 08:01 2360081                    /home/ichinichi/.sbt/boot/scala-2.12.7/org.scala-sbt/sbt/1.2.8/apple-file-events-1.3.2.jar
7f3bfc0fb000-7f3bfc0fc000 r--s 00005000 08:01 2360105                    /home/ichinichi/.sbt/boot/scala-2.12.7/org.scala-sbt/sbt/1.2.8/test-agent-1.2.8.jar
7f3bfc0fc000-7f3bfc0fe000 r--s 00008000 08:01 2360075                    /home/ichinichi/.sbt/boot/scala-2.12.7/org.scala-sbt/sbt/1.2.8/sjson-new-scalajson_2.12-0.8.2.jar
7f3bfc0fe000-7f3bfc109000 r--s 001c3000 08:01 2360073                    /home/ichinichi/.sbt/boot/scala-2.12.7/org.scala-sbt/sbt/1.2.8/main_2.12-1.2.8.jar
7f3bfc109000-7f3bfc123000 r--s 0021e000 08:01 2360058                    /home/ichinichi/.sbt/boot/scala-2.12.7/org.scala-sbt/sbt/1.2.8/jna-platform-4.5.0.jar
7f3bfc123000-7f3bfc126000 r--s 0002e000 08:01 2360084                    /home/ichinichi/.sbt/boot/scala-2.12.7/org.scala-sbt/sbt/1.2.8/testing_2.12-1.2.8.jar
7f3bfc126000-7f3bfc13c000 r-xp 00000000 08:01 11144484                   /usr/lib/jvm/java-8-oracle/jre/lib/amd64/libnet.so
7f3bfc13c000-7f3bfc33c000 ---p 00016000 08:01 11144484                   /usr/lib/jvm/java-8-oracle/jre/lib/amd64/libnet.so
7f3bfc33c000-7f3bfc33d000 r--p 00016000 08:01 11144484                   /usr/lib/jvm/java-8-oracle/jre/lib/amd64/libnet.so
7f3bfc33d000-7f3bfc33e000 rw-p 00017000 08:01 11144484                   /usr/lib/jvm/java-8-oracle/jre/lib/amd64/libnet.so
7f3bfc33e000-7f3bfc33f000 ---p 00000000 00:00 0 
7f3bfc33f000-7f3bfc43f000 rw-p 00000000 00:00 0 
7f3bfc43f000-7f3bfc442000 ---p 00000000 00:00 0 
7f3bfc442000-7f3bfc540000 rw-p 00000000 00:00 0 
7f3bfc540000-7f3bfc543000 ---p 00000000 00:00 0 
7f3bfc543000-7f3bfc641000 rw-p 00000000 00:00 0 
7f3bfc641000-7f3bfd000000 r--p 00000000 08:01 10492756                   /usr/lib/locale/locale-archive
7f3bfd000000-7f3c00000000 rw-p 00000000 00:00 0 
7f3c00000000-7f3c00041000 rw-p 00000000 00:00 0 
7f3c00041000-7f3c04000000 ---p 00000000 00:00 0 
7f3c04000000-7f3c04001000 r--s 00009000 08:01 2360051                    /home/ichinichi/.sbt/boot/scala-2.12.7/org.scala-sbt/sbt/1.2.8/gigahorse-okhttp_2.12-0.3.0.jar
7f3c04001000-7f3c04003000 r--s 00012000 08:01 2360093                    /home/ichinichi/.sbt/boot/scala-2.12.7/org.scala-sbt/sbt/1.2.8/tasks_2.12-1.2.8.jar
7f3c04003000-7f3c04005000 r--s 00007000 08:01 2360102                    /home/ichinichi/.sbt/boot/scala-2.12.7/org.scala-sbt/sbt/1.2.8/util-tracking_2.12-1.2.4.jar
7f3c04005000-7f3c04007000 r--s 00002000 08:01 2360117                    /home/ichinichi/.sbt/boot/scala-2.12.7/org.scala-sbt/sbt/1.2.8/test-interface-1.0.jar
7f3c04007000-7f3c04009000 r--s 0000e000 08:01 2360080                    /home/ichinichi/.sbt/boot/scala-2.12.7/org.scala-sbt/sbt/1.2.8/zinc_2.12-1.2.5.jar
7f3c04009000-7f3c0400f000 r--s 000bb000 08:01 2360126                    /home/ichinichi/.sbt/boot/scala-2.12.7/org.scala-sbt/sbt/1.2.8/sjson-new-core_2.12-0.8.2.jar
7f3c0400f000-7f3c04014000 r--s 00063000 08:01 2360122                    /home/ichinichi/.sbt/boot/scala-2.12.7/org.scala-sbt/sbt/1.2.8/protocol_2.12-1.2.8.jar
7f3c04014000-7f3c04016000 r--s 00024000 08:01 2360086                    /home/ichinichi/.sbt/boot/scala-2.12.7/org.scala-sbt/sbt/1.2.8/zinc-apiinfo_2.12-1.2.5.jar
7f3c04016000-7f3c04018000 r--s 00012000 08:01 2360127                    /home/ichinichi/.sbt/boot/scala-2.12.7/org.scala-sbt/sbt/1.2.8/okio-1.12.0.jar
7f3c04018000-7f3c0401b000 r--s 00026000 08:01 2360118                    /home/ichinichi/.sbt/boot/scala-2.12.7/org.scala-sbt/sbt/1.2.8/gigahorse-core_2.12-0.3.0.jar
7f3c0401b000-7f3c0401c000 r--s 00000000 08:01 2360116                    /home/ichinichi/.sbt/boot/scala-2.12.7/org.scala-sbt/sbt/1.2.8/scripted-plugin_2.12-1.2.8.jar
7f3c0401c000-7f3c0401d000 r--s 00007000 08:01 2360110                    /home/ichinichi/.sbt/boot/scala-2.12.7/org.scala-sbt/sbt/1.2.8/okhttp-urlconnection-3.7.0.jar
7f3c0401d000-7f3c0401f000 r--s 00019000 08:01 2360060                    /home/ichinichi/.sbt/boot/scala-2.12.7/org.scala-sbt/sbt/1.2.8/sourcecode_2.12-0.1.3.jar
7f3c0401f000-7f3c04022000 r--s 0002a000 08:01 2360104                    /home/ichinichi/.sbt/boot/scala-2.12.7/org.scala-sbt/sbt/1.2.8/sbinary_2.12-0.5.0.jar
7f3c04022000-7f3c04026000 r--s 00038000 08:01 2360055                    /home/ichinichi/.sbt/boot/scala-2.12.7/org.scala-sbt/sbt/1.2.8/ssl-config-core_2.12-0.2.2.jar
7f3c04026000-7f3c04029000 r--s 0001c000 08:01 2360101                    /home/ichinichi/.sbt/boot/scala-2.12.7/org.scala-sbt/sbt/1.2.8/scalacache-core_2.12-0.20.0.jar
7f3c04029000-7f3c04036000 r--s 001a6000 08:01 2360108                    /home/ichinichi/.sbt/boot/scala-2.12.7/org.scala-sbt/sbt/1.2.8/scalapb-runtime_2.12-0.6.0.jar
7f3c04036000-7f3c04038000 r--s 00011000 08:01 2360077                    /home/ichinichi/.sbt/boot/scala-2.12.7/org.scala-sbt/sbt/1.2.8/jawn-parser_2.12-0.10.4.jar
7f3c04038000-7f3c0403a000 r--s 0002f000 08:01 2360078                    /home/ichinichi/.sbt/boot/scala-2.12.7/org.scala-sbt/sbt/1.2.8/util-cache_2.12-1.2.4.jar
7f3c0403a000-7f3c0403d000 r--s 0003d000 08:01 2360069                    /home/ichinichi/.sbt/boot/scala-2.12.7/org.scala-sbt/sbt/1.2.8/completion_2.12-1.2.8.jar
7f3c0403d000-7f3c04044000 r--s 00091000 08:01 2360072                    /home/ichinichi/.sbt/boot/scala-2.12.7/org.scala-sbt/sbt/1.2.8/main-settings_2.12-1.2.8.jar
7f3c04044000-7f3c04048000 r--s 00013000 08:01 2360070                    /home/ichinichi/.sbt/boot/scala-2.12.7/org.scala-sbt/sbt/1.2.8/compiler-interface-1.2.5.jar
7f3c04048000-7f3c0404a000 r--s 00007000 08:01 2360114                    /home/ichinichi/.sbt/boot/scala-2.12.7/org.scala-sbt/sbt/1.2.8/lenses_2.12-0.4.12.jar
7f3c0404a000-7f3c0406b000 r--s 00168000 08:01 2360062                    /home/ichinichi/.sbt/boot/scala-2.12.7/org.scala-sbt/sbt/1.2.8/log4j-core-2.11.1.jar
7f3c0406b000-7f3c0406d000 r--s 0000b000 08:01 2360063                    /home/ichinichi/.sbt/boot/scala-2.12.7/org.scala-sbt/sbt/1.2.8/logic_2.12-1.2.8.jar
7f3c0406d000-7f3c04072000 r--s 00095000 08:01 2360065                    /home/ichinichi/.sbt/boot/scala-2.12.7/org.scala-sbt/sbt/1.2.8/librarymanagement-ivy_2.12-1.2.4.jar
7f3c04072000-7f3c04074000 r--s 00019000 08:01 2360079                    /home/ichinichi/.sbt/boot/scala-2.12.7/org.scala-sbt/sbt/1.2.8/task-system_2.12-1.2.8.jar
7f3c04074000-7f3c04076000 r--s 0000f000 08:01 2360121                    /home/ichinichi/.sbt/boot/scala-2.12.7/org.scala-sbt/sbt/1.2.8/shaded-scalajson_2.12-1.0.0-M4.jar
7f3c04076000-7f3c04077000 r--s 00006000 08:01 2360089                    /home/ichinichi/.sbt/boot/scala-2.12.7/org.scala-sbt/sbt/1.2.8/util-position_2.12-1.2.4.jar
7f3c04077000-7f3c0407d000 r--s 0003b000 08:01 2360112                    /home/ichinichi/.sbt/boot/scala-2.12.7/org.scala-sbt/sbt/1.2.8/log4j-api-2.11.1.jar
7f3c0407d000-7f3c0407f000 r--s 00031000 08:01 2360120                    /home/ichinichi/.sbt/boot/scala-2.12.7/org.scala-sbt/sbt/1.2.8/actions_2.12-1.2.8.jar
7f3c0407f000-7f3c040ce000 r--s 009b0000 08:01 2360132                    /home/ichinichi/.sbt/boot/scala-2.12.7/lib/scala-compiler.jar
7f3c040ce000-7f3c040f1000 r--s 00350000 08:01 2360131                    /home/ichinichi/.sbt/boot/scala-2.12.7/lib/scala-reflect.jar
7f3c040f1000-7f3c040f4000 ---p 00000000 00:00 0 
7f3c040f4000-7f3c041f2000 rw-p 00000000 00:00 0 
7f3c041f2000-7f3c041f5000 ---p 00000000 00:00 0 
7f3c041f5000-7f3c042f3000 rw-p 00000000 00:00 0 
7f3c042f3000-7f3c042f6000 ---p 00000000 00:00 0 
7f3c042f6000-7f3c043f4000 rw-p 00000000 00:00 0 
7f3c043f4000-7f3c043f7000 ---p 00000000 00:00 0 
7f3c043f7000-7f3c044f5000 rw-p 00000000 00:00 0 
7f3c044f5000-7f3c044f8000 ---p 00000000 00:00 0 
7f3c044f8000-7f3c045f6000 rw-p 00000000 00:00 0 
7f3c045f6000-7f3c045f7000 ---p 00000000 00:00 0 
7f3c045f7000-7f3c05000000 rw-p 00000000 00:00 0 
7f3c05000000-7f3c07310000 rwxp 00000000 00:00 0 
7f3c07310000-7f3c14000000 ---p 00000000 00:00 0 
7f3c14000000-7f3c178a7000 rw-p 00000000 00:00 0 
7f3c178a7000-7f3c18000000 ---p 00000000 00:00 0 
7f3c18000000-7f3c18001000 r--s 00011000 08:01 2360057                    /home/ichinichi/.sbt/boot/scala-2.12.7/org.scala-sbt/sbt/1.2.8/run_2.12-1.2.8.jar
7f3c18001000-7f3c18002000 r--s 0000b000 08:01 2360099                    /home/ichinichi/.sbt/boot/scala-2.12.7/org.scala-sbt/sbt/1.2.8/zinc-ivy-integration_2.12-1.2.5.jar
7f3c18002000-7f3c18017000 r--s 00103000 08:01 2360092                    /home/ichinichi/.sbt/boot/scala-2.12.7/org.scala-sbt/sbt/1.2.8/ivy-2.3.0-sbt-cb9cc189e9f3af519f9f102e6c5d446488ff6832.jar
7f3c18017000-7f3c18021000 r--s 000b6000 08:01 2360124                    /home/ichinichi/.sbt/boot/scala-2.12.7/org.scala-sbt/sbt/1.2.8/librarymanagement-core_2.12-1.2.4.jar
7f3c18021000-7f3c18058000 r--s 004d2000 08:01 2360133                    /home/ichinichi/.sbt/boot/scala-2.12.7/lib/scala-library.jar
7f3c18058000-7f3c18075000 r--s 0011a000 08:01 13765688                   /home/ichinichi/.IdeaIC2018.3/config/plugins/Scala/launcher/sbt-launch.jar
7f3c18075000-7f3c1867b000 rw-p 00000000 00:00 0 
7f3c1867b000-7f3c18855000 r--s 03d6f000 08:01 11020800                   /usr/lib/jvm/java-8-oracle/jre/lib/rt.jar
7f3c18855000-7f3c193cb000 rw-p 00000000 00:00 0 
7f3c193cb000-7f3c193cc000 ---p 00000000 00:00 0 
7f3c193cc000-7f3c194cc000 rw-p 00000000 00:00 0 
7f3c194cc000-7f3c194cd000 ---p 00000000 00:00 0 
7f3c194cd000-7f3c195cd000 rw-p 00000000 00:00 0 
7f3c195cd000-7f3c195ce000 ---p 00000000 00:00 0 
7f3c195ce000-7f3c196ce000 rw-p 00000000 00:00 0 
7f3c196ce000-7f3c196cf000 ---p 00000000 00:00 0 
7f3c196cf000-7f3c19840000 rw-p 00000000 00:00 0 
7f3c19840000-7f3c199cf000 ---p 00000000 00:00 0 
7f3c199cf000-7f3c19a40000 rw-p 00000000 00:00 0 
7f3c19a40000-7f3c19bcf000 ---p 00000000 00:00 0 
7f3c19bcf000-7f3c19c6a000 rw-p 00000000 00:00 0 
7f3c19c6a000-7f3c19ccf000 ---p 00000000 00:00 0 
7f3c19ccf000-7f3c19d5d000 rw-p 00000000 00:00 0 
7f3c19d5d000-7f3c1a090000 ---p 00000000 00:00 0 
7f3c1a090000-7f3c1a0ab000 r-xp 00000000 08:01 11144480                   /usr/lib/jvm/java-8-oracle/jre/lib/amd64/libzip.so
7f3c1a0ab000-7f3c1a2aa000 ---p 0001b000 08:01 11144480                   /usr/lib/jvm/java-8-oracle/jre/lib/amd64/libzip.so
7f3c1a2aa000-7f3c1a2ab000 r--p 0001a000 08:01 11144480                   /usr/lib/jvm/java-8-oracle/jre/lib/amd64/libzip.so
7f3c1a2ab000-7f3c1a2ac000 rw-p 0001b000 08:01 11144480                   /usr/lib/jvm/java-8-oracle/jre/lib/amd64/libzip.so
7f3c1a2ac000-7f3c1a2b7000 r-xp 00000000 08:01 9310915                    /lib/x86_64-linux-gnu/libnss_files-2.23.so
7f3c1a2b7000-7f3c1a4b6000 ---p 0000b000 08:01 9310915                    /lib/x86_64-linux-gnu/libnss_files-2.23.so
7f3c1a4b6000-7f3c1a4b7000 r--p 0000a000 08:01 9310915                    /lib/x86_64-linux-gnu/libnss_files-2.23.so
7f3c1a4b7000-7f3c1a4b8000 rw-p 0000b000 08:01 9310915                    /lib/x86_64-linux-gnu/libnss_files-2.23.so
7f3c1a4b8000-7f3c1a4be000 rw-p 00000000 00:00 0 
7f3c1a4be000-7f3c1a4c9000 r-xp 00000000 08:01 9310925                    /lib/x86_64-linux-gnu/libnss_nis-2.23.so
7f3c1a4c9000-7f3c1a6c8000 ---p 0000b000 08:01 9310925                    /lib/x86_64-linux-gnu/libnss_nis-2.23.so
7f3c1a6c8000-7f3c1a6c9000 r--p 0000a000 08:01 9310925                    /lib/x86_64-linux-gnu/libnss_nis-2.23.so
7f3c1a6c9000-7f3c1a6ca000 rw-p 0000b000 08:01 9310925                    /lib/x86_64-linux-gnu/libnss_nis-2.23.so
7f3c1a6ca000-7f3c1a6e0000 r-xp 00000000 08:01 9310909                    /lib/x86_64-linux-gnu/libnsl-2.23.so
7f3c1a6e0000-7f3c1a8df000 ---p 00016000 08:01 9310909                    /lib/x86_64-linux-gnu/libnsl-2.23.so
7f3c1a8df000-7f3c1a8e0000 r--p 00015000 08:01 9310909                    /lib/x86_64-linux-gnu/libnsl-2.23.so
7f3c1a8e0000-7f3c1a8e1000 rw-p 00016000 08:01 9310909                    /lib/x86_64-linux-gnu/libnsl-2.23.so
7f3c1a8e1000-7f3c1a8e3000 rw-p 00000000 00:00 0 
7f3c1a8e3000-7f3c1a8eb000 r-xp 00000000 08:01 9310911                    /lib/x86_64-linux-gnu/libnss_compat-2.23.so
7f3c1a8eb000-7f3c1aaea000 ---p 00008000 08:01 9310911                    /lib/x86_64-linux-gnu/libnss_compat-2.23.so
7f3c1aaea000-7f3c1aaeb000 r--p 00007000 08:01 9310911                    /lib/x86_64-linux-gnu/libnss_compat-2.23.so
7f3c1aaeb000-7f3c1aaec000 rw-p 00008000 08:01 9310911                    /lib/x86_64-linux-gnu/libnss_compat-2.23.so
7f3c1aaec000-7f3c1ab18000 r-xp 00000000 08:01 11144474                   /usr/lib/jvm/java-8-oracle/jre/lib/amd64/libjava.so
7f3c1ab18000-7f3c1ad18000 ---p 0002c000 08:01 11144474                   /usr/lib/jvm/java-8-oracle/jre/lib/amd64/libjava.so
7f3c1ad18000-7f3c1ad19000 r--p 0002c000 08:01 11144474                   /usr/lib/jvm/java-8-oracle/jre/lib/amd64/libjava.so
7f3c1ad19000-7f3c1ad1b000 rw-p 0002d000 08:01 11144474                   /usr/lib/jvm/java-8-oracle/jre/lib/amd64/libjava.so
7f3c1ad1b000-7f3c1ad28000 r-xp 00000000 08:01 11144479                   /usr/lib/jvm/java-8-oracle/jre/lib/amd64/libverify.so
7f3c1ad28000-7f3c1af27000 ---p 0000d000 08:01 11144479                   /usr/lib/jvm/java-8-oracle/jre/lib/amd64/libverify.so
7f3c1af27000-7f3c1af29000 r--p 0000c000 08:01 11144479                   /usr/lib/jvm/java-8-oracle/jre/lib/amd64/libverify.so
7f3c1af29000-7f3c1af2a000 rw-p 0000e000 08:01 11144479                   /usr/lib/jvm/java-8-oracle/jre/lib/amd64/libverify.so
7f3c1af2a000-7f3c1af31000 r-xp 00000000 08:01 9310970                    /lib/x86_64-linux-gnu/librt-2.23.so
7f3c1af31000-7f3c1b130000 ---p 00007000 08:01 9310970                    /lib/x86_64-linux-gnu/librt-2.23.so
7f3c1b130000-7f3c1b131000 r--p 00006000 08:01 9310970                    /lib/x86_64-linux-gnu/librt-2.23.so
7f3c1b131000-7f3c1b132000 rw-p 00007000 08:01 9310970                    /lib/x86_64-linux-gnu/librt-2.23.so
7f3c1b132000-7f3c1b23a000 r-xp 00000000 08:01 9310886                    /lib/x86_64-linux-gnu/libm-2.23.so
7f3c1b23a000-7f3c1b439000 ---p 00108000 08:01 9310886                    /lib/x86_64-linux-gnu/libm-2.23.so
7f3c1b439000-7f3c1b43a000 r--p 00107000 08:01 9310886                    /lib/x86_64-linux-gnu/libm-2.23.so
7f3c1b43a000-7f3c1b43b000 rw-p 00108000 08:01 9310886                    /lib/x86_64-linux-gnu/libm-2.23.so
7f3c1b43b000-7f3c1c123000 r-xp 00000000 08:01 11144192                   /usr/lib/jvm/java-8-oracle/jre/lib/amd64/server/libjvm.so
7f3c1c123000-7f3c1c322000 ---p 00ce8000 08:01 11144192                   /usr/lib/jvm/java-8-oracle/jre/lib/amd64/server/libjvm.so
7f3c1c322000-7f3c1c3b8000 r--p 00ce7000 08:01 11144192                   /usr/lib/jvm/java-8-oracle/jre/lib/amd64/server/libjvm.so
7f3c1c3b8000-7f3c1c3e9000 rw-p 00d7d000 08:01 11144192                   /usr/lib/jvm/java-8-oracle/jre/lib/amd64/server/libjvm.so
7f3c1c3e9000-7f3c1c424000 rw-p 00000000 00:00 0 
7f3c1c424000-7f3c1c5e4000 r-xp 00000000 08:01 9310816                    /lib/x86_64-linux-gnu/libc-2.23.so
7f3c1c5e4000-7f3c1c7e4000 ---p 001c0000 08:01 9310816                    /lib/x86_64-linux-gnu/libc-2.23.so
7f3c1c7e4000-7f3c1c7e8000 r--p 001c0000 08:01 9310816                    /lib/x86_64-linux-gnu/libc-2.23.so
7f3c1c7e8000-7f3c1c7ea000 rw-p 001c4000 08:01 9310816                    /lib/x86_64-linux-gnu/libc-2.23.so
7f3c1c7ea000-7f3c1c7ee000 rw-p 00000000 00:00 0 
7f3c1c7ee000-7f3c1c7f1000 r-xp 00000000 08:01 9310840                    /lib/x86_64-linux-gnu/libdl-2.23.so
7f3c1c7f1000-7f3c1c9f0000 ---p 00003000 08:01 9310840                    /lib/x86_64-linux-gnu/libdl-2.23.so
7f3c1c9f0000-7f3c1c9f1000 r--p 00002000 08:01 9310840                    /lib/x86_64-linux-gnu/libdl-2.23.so
7f3c1c9f1000-7f3c1c9f2000 rw-p 00003000 08:01 9310840                    /lib/x86_64-linux-gnu/libdl-2.23.so
7f3c1c9f2000-7f3c1ca09000 r-xp 00000000 08:01 10754080                   /usr/lib/jvm/java-8-oracle/lib/amd64/jli/libjli.so
7f3c1ca09000-7f3c1cc08000 ---p 00017000 08:01 10754080                   /usr/lib/jvm/java-8-oracle/lib/amd64/jli/libjli.so
7f3c1cc08000-7f3c1cc09000 r--p 00016000 08:01 10754080                   /usr/lib/jvm/java-8-oracle/lib/amd64/jli/libjli.so
7f3c1cc09000-7f3c1cc0a000 rw-p 00017000 08:01 10754080                   /usr/lib/jvm/java-8-oracle/lib/amd64/jli/libjli.so
7f3c1cc0a000-7f3c1cc22000 r-xp 00000000 08:01 9310962                    /lib/x86_64-linux-gnu/libpthread-2.23.so
7f3c1cc22000-7f3c1ce21000 ---p 00018000 08:01 9310962                    /lib/x86_64-linux-gnu/libpthread-2.23.so
7f3c1ce21000-7f3c1ce22000 r--p 00017000 08:01 9310962                    /lib/x86_64-linux-gnu/libpthread-2.23.so
7f3c1ce22000-7f3c1ce23000 rw-p 00018000 08:01 9310962                    /lib/x86_64-linux-gnu/libpthread-2.23.so
7f3c1ce23000-7f3c1ce27000 rw-p 00000000 00:00 0 
7f3c1ce27000-7f3c1ce4d000 r-xp 00000000 08:01 9310788                    /lib/x86_64-linux-gnu/ld-2.23.so
7f3c1ce4d000-7f3c1ce4e000 r--s 0000f000 08:01 2360082                    /home/ichinichi/.sbt/boot/scala-2.12.7/org.scala-sbt/sbt/1.2.8/sbt-1.2.8.jar
7f3c1ce4e000-7f3c1ce52000 r--s 00049000 08:01 2360068                    /home/ichinichi/.sbt/boot/scala-2.12.7/org.scala-sbt/sbt/1.2.8/io_2.12-1.2.2.jar
7f3c1ce52000-7f3c1ce55000 r--s 0003a000 08:01 2360059                    /home/ichinichi/.sbt/boot/scala-2.12.7/org.scala-sbt/sbt/1.2.8/util-logging_2.12-1.2.4.jar
7f3c1ce55000-7f3c1ce59000 r--s 0004c000 08:01 2360061                    /home/ichinichi/.sbt/boot/scala-2.12.7/org.scala-sbt/sbt/1.2.8/collections_2.12-1.2.8.jar
7f3c1ce59000-7f3c1ce5d000 r--s 0003e000 08:01 2360106                    /home/ichinichi/.sbt/boot/scala-2.12.7/org.scala-sbt/sbt/1.2.8/jline-2.14.6.jar
7f3c1ce5d000-7f3c1ce60000 r--s 00012000 08:01 2360115                    /home/ichinichi/.sbt/boot/scala-2.12.7/org.scala-sbt/sbt/1.2.8/disruptor-3.4.2.jar
7f3c1ce60000-7f3c1ce61000 r--s 0000c000 08:01 2360054                    /home/ichinichi/.sbt/boot/scala-2.12.7/org.scala-sbt/sbt/1.2.8/zinc-classfile_2.12-1.2.5.jar
7f3c1ce61000-7f3c1ce64000 r--s 00044000 08:01 2360085                    /home/ichinichi/.sbt/boot/scala-2.12.7/org.scala-sbt/sbt/1.2.8/command_2.12-1.2.8.jar
7f3c1ce64000-7f3c1ce65000 r--s 00002000 08:01 2360056                    /home/ichinichi/.sbt/boot/scala-2.12.7/org.scala-sbt/sbt/1.2.8/launcher-interface-1.0.4.jar
7f3c1ce65000-7f3c1cf2d000 rw-p 00000000 00:00 0 
7f3c1cf2d000-7f3c1cf30000 ---p 00000000 00:00 0 
7f3c1cf30000-7f3c1d033000 rw-p 00000000 00:00 0 
7f3c1d033000-7f3c1d037000 r--s 00047000 08:01 2360125                    /home/ichinichi/.sbt/boot/scala-2.12.7/org.scala-sbt/sbt/1.2.8/fastparse_2.12-0.4.2.jar
7f3c1d037000-7f3c1d038000 r--s 00000000 08:01 2360088                    /home/ichinichi/.sbt/boot/scala-2.12.7/org.scala-sbt/sbt/1.2.8/template-resolver-0.1.jar
7f3c1d038000-7f3c1d03c000 r--s 0003e000 08:01 2360134                    /home/ichinichi/.sbt/boot/scala-2.12.7/lib/jline.jar
7f3c1d03c000-7f3c1d042000 r--s 00080000 08:01 2360130                    /home/ichinichi/.sbt/boot/scala-2.12.7/lib/scala-xml_2.12.jar
7f3c1d042000-7f3c1d04a000 rw-s 00000000 08:01 9830564                    /tmp/hsperfdata_ichinichi/18990
7f3c1d04a000-7f3c1d04b000 rw-p 00000000 00:00 0 
7f3c1d04b000-7f3c1d04c000 ---p 00000000 00:00 0 
7f3c1d04c000-7f3c1d04d000 r--p 00025000 08:01 9310788                    /lib/x86_64-linux-gnu/ld-2.23.so
7f3c1d04d000-7f3c1d04e000 rw-p 00026000 08:01 9310788                    /lib/x86_64-linux-gnu/ld-2.23.so
7f3c1d04e000-7f3c1d04f000 rw-p 00000000 00:00 0 
7ffe508d4000-7ffe508f5000 rw-p 00000000 00:00 0                          [stack]
7ffe50979000-7ffe5097c000 r--p 00000000 00:00 0                          [vvar]
7ffe5097c000-7ffe5097e000 r-xp 00000000 00:00 0                          [vdso]
ffffffffff600000-ffffffffff601000 r-xp 00000000 00:00 0                  [vsyscall]

VM Arguments:
jvm_args: -Djline.terminal=jline.UnsupportedTerminal -Dsbt.log.noformat=true -Dfile.encoding=UTF-8 -Xmx1536M -Didea.managed=true -Dfile.encoding=UTF-8 
java_command: /home/ichinichi/.IdeaIC2018.3/config/plugins/Scala/launcher/sbt-launch.jar
java_class_path (initial): /home/ichinichi/.IdeaIC2018.3/config/plugins/Scala/launcher/sbt-launch.jar
Launcher Type: SUN_STANDARD

Environment Variables:
JAVA_HOME=/usr/lib/jvm/java-8-oracle
PATH=/home/ichinichi/bin:/home/ichinichi/.local/bin:/usr/local/sbin:/usr/local/bin:/usr/sbin:/usr/bin:/sbin:/bin:/usr/games:/usr/local/games:/snap/bin:/usr/lib/jvm/java-8-oracle/bin:/usr/lib/jvm/java-8-oracle/db/bin:/usr/lib/jvm/java-8-oracle/jre/bin
SHELL=/bin/bash
DISPLAY=:0

Signal Handlers:
SIGSEGV: [libjvm.so+0xad3e60], sa_mask[0]=11111111011111111101111111111110, sa_flags=SA_RESTART|SA_SIGINFO
SIGBUS: [libjvm.so+0xad3e60], sa_mask[0]=11111111011111111101111111111110, sa_flags=SA_RESTART|SA_SIGINFO
SIGFPE: [libjvm.so+0x90b880], sa_mask[0]=11111111011111111101111111111110, sa_flags=SA_RESTART|SA_SIGINFO
SIGPIPE: [libjvm.so+0x90b880], sa_mask[0]=11111111011111111101111111111110, sa_flags=SA_RESTART|SA_SIGINFO
SIGXFSZ: [libjvm.so+0x90b880], sa_mask[0]=11111111011111111101111111111110, sa_flags=SA_RESTART|SA_SIGINFO
SIGILL: [libjvm.so+0x90b880], sa_mask[0]=11111111011111111101111111111110, sa_flags=SA_RESTART|SA_SIGINFO
SIGUSR1: SIG_DFL, sa_mask[0]=00000000000000000000000000000000, sa_flags=none
SIGUSR2: [libjvm.so+0x90b750], sa_mask[0]=00100000000000000000000000000000, sa_flags=SA_RESTART|SA_SIGINFO
SIGHUP: [libjvm.so+0x90bd70], sa_mask[0]=11111111011111111101111111111110, sa_flags=SA_RESTART|SA_SIGINFO
SIGINT: [libjvm.so+0x90bd70], sa_mask[0]=11111111011111111101111111111110, sa_flags=SA_RESTART|SA_SIGINFO
SIGTERM: [libjvm.so+0x90bd70], sa_mask[0]=11111111011111111101111111111110, sa_flags=SA_RESTART|SA_SIGINFO
SIGQUIT: [libjvm.so+0x90bd70], sa_mask[0]=11111111011111111101111111111110, sa_flags=SA_RESTART|SA_SIGINFO


---------------  S Y S T E M  ---------------

OS:DISTRIB_ID=Ubuntu
DISTRIB_RELEASE=16.04
DISTRIB_CODENAME=xenial
DISTRIB_DESCRIPTION="Ubuntu 16.04.6 LTS"

uname:Linux 4.15.0-45-generic #48~16.04.1-Ubuntu SMP Tue Jan 29 18:03:48 UTC 2019 x86_64
libc:glibc 2.23 NPTL 2.23 
rlimit: STACK 8192k, CORE 0k, NPROC 63430, NOFILE 1048576, AS infinity
load average:4.17 2.36 1.91

/proc/meminfo:
MemTotal:       16297836 kB
MemFree:          142288 kB
MemAvailable:      10344 kB
Buffers:            1084 kB
Cached:           487932 kB
SwapCached:         6500 kB
Active:          5126240 kB
Inactive:         742188 kB
Active(anon):    5119256 kB
Inactive(anon):   731268 kB
Active(file):       6984 kB
Inactive(file):    10920 kB
Unevictable:         304 kB
Mlocked:             304 kB
SwapTotal:        999420 kB
SwapFree:              0 kB
Dirty:                52 kB
Writeback:             0 kB
AnonPages:       5373752 kB
Mapped:         10072528 kB
Shmem:            470668 kB
Slab:             208620 kB
SReclaimable:      58708 kB
SUnreclaim:       149912 kB
KernelStack:       19072 kB
PageTables:        93060 kB
NFS_Unstable:          0 kB
Bounce:                0 kB
WritebackTmp:          0 kB
CommitLimit:     9148336 kB
Committed_AS:   24082408 kB
VmallocTotal:   34359738367 kB
VmallocUsed:           0 kB
VmallocChunk:          0 kB
HardwareCorrupted:     0 kB
AnonHugePages:         0 kB
ShmemHugePages:        0 kB
ShmemPmdMapped:        0 kB
CmaTotal:              0 kB
CmaFree:               0 kB
HugePages_Total:       0
HugePages_Free:        0
HugePages_Rsvd:        0
HugePages_Surp:        0
Hugepagesize:       2048 kB
DirectMap4k:     1318400 kB
DirectMap2M:    15331328 kB
DirectMap1G:     1048576 kB

container (cgroup) information:
container_type: cgroupv1
cpu_cpuset_cpus: 0-3
cpu_memory_nodes: 0
active_processor_count: 4
cpu_quota: -1
cpu_period: 100000
cpu_shares: -1
memory_limit_in_bytes: -1
memory_and_swap_limit_in_bytes: -2
memory_soft_limit_in_bytes: -1
memory_usage_in_bytes: 6006431744
memory_max_usage_in_bytes: 578027520


CPU:total 4 (initial active 4) (2 cores per cpu, 2 threads per core) family 6 model 61 stepping 4, cmov, cx8, fxsr, mmx, sse, sse2, sse3, ssse3, sse4.1, sse4.2, popcnt, avx, avx2, aes, clmul, erms, rtm, 3dnowpref, lzcnt, ht, tsc, tscinvbit, bmi1, bmi2, adx

/proc/cpuinfo:
processor	: 0
vendor_id	: GenuineIntel
cpu family	: 6
model		: 61
model name	: Intel(R) Core(TM) i5-5300U CPU @ 2.30GHz
stepping	: 4
microcode	: 0x2b
cpu MHz		: 2693.938
cache size	: 3072 KB
physical id	: 0
siblings	: 4
core id		: 0
cpu cores	: 2
apicid		: 0
initial apicid	: 0
fpu		: yes
fpu_exception	: yes
cpuid level	: 20
wp		: yes
flags		: fpu vme de pse tsc msr pae mce cx8 apic sep mtrr pge mca cmov pat pse36 clflush dts acpi mmx fxsr sse sse2 ss ht tm pbe syscall nx pdpe1gb rdtscp lm constant_tsc arch_perfmon pebs bts rep_good nopl xtopology nonstop_tsc cpuid aperfmperf pni pclmulqdq dtes64 monitor ds_cpl vmx smx est tm2 ssse3 sdbg fma cx16 xtpr pdcm pcid sse4_1 sse4_2 x2apic movbe popcnt tsc_deadline_timer aes xsave avx f16c rdrand lahf_lm abm 3dnowprefetch cpuid_fault epb invpcid_single pti ssbd ibrs ibpb stibp tpr_shadow vnmi flexpriority ept vpid fsgsbase tsc_adjust bmi1 hle avx2 smep bmi2 erms invpcid rtm rdseed adx smap intel_pt xsaveopt dtherm ida arat pln pts flush_l1d
bugs		: cpu_meltdown spectre_v1 spectre_v2 spec_store_bypass l1tf
bogomips	: 4589.67
clflush size	: 64
cache_alignment	: 64
address sizes	: 39 bits physical, 48 bits virtual
power management:

processor	: 1
vendor_id	: GenuineIntel
cpu family	: 6
model		: 61
model name	: Intel(R) Core(TM) i5-5300U CPU @ 2.30GHz
stepping	: 4
microcode	: 0x2b
cpu MHz		: 2693.940
cache size	: 3072 KB
physical id	: 0
siblings	: 4
core id		: 0
cpu cores	: 2
apicid		: 1
initial apicid	: 1
fpu		: yes
fpu_exception	: yes
cpuid level	: 20
wp		: yes
flags		: fpu vme de pse tsc msr pae mce cx8 apic sep mtrr pge mca cmov pat pse36 clflush dts acpi mmx fxsr sse sse2 ss ht tm pbe syscall nx pdpe1gb rdtscp lm constant_tsc arch_perfmon pebs bts rep_good nopl xtopology nonstop_tsc cpuid aperfmperf pni pclmulqdq dtes64 monitor ds_cpl vmx smx est tm2 ssse3 sdbg fma cx16 xtpr pdcm pcid sse4_1 sse4_2 x2apic movbe popcnt tsc_deadline_timer aes xsave avx f16c rdrand lahf_lm abm 3dnowprefetch cpuid_fault epb invpcid_single pti ssbd ibrs ibpb stibp tpr_shadow vnmi flexpriority ept vpid fsgsbase tsc_adjust bmi1 hle avx2 smep bmi2 erms invpcid rtm rdseed adx smap intel_pt xsaveopt dtherm ida arat pln pts flush_l1d
bugs		: cpu_meltdown spectre_v1 spectre_v2 spec_store_bypass l1tf
bogomips	: 4589.67
clflush size	: 64
cache_alignment	: 64
address sizes	: 39 bits physical, 48 bits virtual
power management:

processor	: 2
vendor_id	: GenuineIntel
cpu family	: 6
model		: 61
model name	: Intel(R) Core(TM) i5-5300U CPU @ 2.30GHz
stepping	: 4
microcode	: 0x2b
cpu MHz		: 2693.943
cache size	: 3072 KB
physical id	: 0
siblings	: 4
core id		: 1
cpu cores	: 2
apicid		: 2
initial apicid	: 2
fpu		: yes
fpu_exception	: yes
cpuid level	: 20
wp		: yes
flags		: fpu vme de pse tsc msr pae mce cx8 apic sep mtrr pge mca cmov pat pse36 clflush dts acpi mmx fxsr sse sse2 ss ht tm pbe syscall nx pdpe1gb rdtscp lm constant_tsc arch_perfmon pebs bts rep_good nopl xtopology nonstop_tsc cpuid aperfmperf pni pclmulqdq dtes64 monitor ds_cpl vmx smx est tm2 ssse3 sdbg fma cx16 xtpr pdcm pcid sse4_1 sse4_2 x2apic movbe popcnt tsc_deadline_timer aes xsave avx f16c rdrand lahf_lm abm 3dnowprefetch cpuid_fault epb invpcid_single pti ssbd ibrs ibpb stibp tpr_shadow vnmi flexpriority ept vpid fsgsbase tsc_adjust bmi1 hle avx2 smep bmi2 erms invpcid rtm rdseed adx smap intel_pt xsaveopt dtherm ida arat pln pts flush_l1d
bugs		: cpu_meltdown spectre_v1 spectre_v2 spec_store_bypass l1tf
bogomips	: 4589.67
clflush size	: 64
cache_alignment	: 64
address sizes	: 39 bits physical, 48 bits virtual
power management:

processor	: 3
vendor_id	: GenuineIntel
cpu family	: 6
model		: 61
model name	: Intel(R) Core(TM) i5-5300U CPU @ 2.30GHz
stepping	: 4
microcode	: 0x2b
cpu MHz		: 2693.940
cache size	: 3072 KB
physical id	: 0
siblings	: 4
core id		: 1
cpu cores	: 2
apicid		: 3
initial apicid	: 3
fpu		: yes
fpu_exception	: yes
cpuid level	: 20
wp		: yes
flags		: fpu vme de pse tsc msr pae mce cx8 apic sep mtrr pge mca cmov pat pse36 clflush dts acpi mmx fxsr sse sse2 ss ht tm pbe syscall nx pdpe1gb rdtscp lm constant_tsc arch_perfmon pebs bts rep_good nopl xtopology nonstop_tsc cpuid aperfmperf pni pclmulqdq dtes64 monitor ds_cpl vmx smx est tm2 ssse3 sdbg fma cx16 xtpr pdcm pcid sse4_1 sse4_2 x2apic movbe popcnt tsc_deadline_timer aes xsave avx f16c rdrand lahf_lm abm 3dnowprefetch cpuid_fault epb invpcid_single pti ssbd ibrs ibpb stibp tpr_shadow vnmi flexpriority ept vpid fsgsbase tsc_adjust bmi1 hle avx2 smep bmi2 erms invpcid rtm rdseed adx smap intel_pt xsaveopt dtherm ida arat pln pts flush_l1d
bugs		: cpu_meltdown spectre_v1 spectre_v2 spec_store_bypass l1tf
bogomips	: 4589.67
clflush size	: 64
cache_alignment	: 64
address sizes	: 39 bits physical, 48 bits virtual
power management:



Memory: 4k page, physical 16297836k(140712k free), swap 999420k(0k free)

vm_info: Java HotSpot(TM) 64-Bit Server VM (25.201-b09) for linux-amd64 JRE (1.8.0_201-b09), built on Dec 15 2018 11:35:59 by "java_re" with gcc 7.3.0

time: Fri Mar 22 11:09:22 2019
timezone: EDT
elapsed time: 22 seconds (0d 0h 0m 22s)

